# JRE version: Java(TM) SE Runtime Environment (8.0_121-b13) (build 1.8.0_121-b13)
# Java VM: Java HotSpot(TM) 64-Bit Server VM (25.121-b13 mixed mode windows-amd64 compressed oops)
Heap:
 PSYoungGen      total 312832K, used 297915K [0x00000000d5f00000, 0x00000000f1080000, 0x0000000100000000)
  eden space 228864K, 100% used [0x00000000d5f00000,0x00000000e3e80000,0x00000000e3e80000)
  from space 83968K, 82% used [0x00000000e3e80000,0x00000000e81eec30,0x00000000e9080000)
  to   space 71680K, 0% used [0x00000000e9080000,0x00000000e9080000,0x00000000ed680000)
 ParOldGen       total 1119744K, used 1119447K [0x0000000081c00000, 0x00000000c6180000, 0x00000000d5f00000)
  object space 1119744K, 99% used [0x0000000081c00000,0x00000000c6135e78,0x00000000c6180000)
 Metaspace       used 3355K, capacity 4558K, committed 4864K, reserved 1056768K
  class space    used 381K, capacity 386K, committed 512K, reserved 1048576K
GC Heap History (10 events):
Event: 5.525 GC heap before
{Heap before GC invocations=50 (full 38):
 PSYoungGen      total 312832K, used 297892K [0x00000000d5f00000, 0x00000000f1080000, 0x0000000100000000)
  eden space 228864K, 99% used [0x00000000d5f00000,0x00000000e3e7a600,0x00000000e3e80000)
  from space 83968K, 82% used [0x00000000e3e80000,0x00000000e81eec30,0x00000000e9080000)
  to   space 71680K, 0% used [0x00000000e9080000,0x00000000e9080000,0x00000000ed680000)
 ParOldGen       total 1116160K, used 1115657K [0x0000000081c00000, 0x00000000c5e00000, 0x00000000d5f00000)
  object space 1116160K, 99% used [0x0000000081c00000,0x00000000c5d82428,0x00000000c5e00000)
 Metaspace       used 3338K, capacity 4494K, committed 4864K, reserved 1056768K
  class space    used 381K, capacity 386K, committed 512K, reserved 1048576K
Event: 5.543 GC heap after
Heap after GC invocations=50 (full 38):
 PSYoungGen      total 312832K, used 297892K [0x00000000d5f00000, 0x00000000f1080000, 0x0000000100000000)
  eden space 228864K, 99% used [0x00000000d5f00000,0x00000000e3e7a600,0x00000000e3e80000)
  from space 83968K, 82% used [0x00000000e3e80000,0x00000000e81eec30,0x00000000e9080000)
  to   space 71680K, 0% used [0x00000000e9080000,0x00000000e9080000,0x00000000ed680000)
 ParOldGen       total 1116160K, used 1115657K [0x0000000081c00000, 0x00000000c5e00000, 0x00000000d5f00000)
  object space 1116160K, 99% used [0x0000000081c00000,0x00000000c5d82428,0x00000000c5e00000)
 Metaspace       used 3338K, capacity 4494K, committed 4864K, reserved 1056768K
  class space    used 381K, capacity 386K, committed 512K, reserved 1048576K
}
Event: 5.544 GC heap before
{Heap before GC invocations=51 (full 39):
 PSYoungGen      total 312832K, used 297892K [0x00000000d5f00000, 0x00000000f1080000, 0x0000000100000000)
  eden space 228864K, 99% used [0x00000000d5f00000,0x00000000e3e7a600,0x00000000e3e80000)
  from space 83968K, 82% used [0x00000000e3e80000,0x00000000e81eec30,0x00000000e9080000)
  to   space 71680K, 0% used [0x00000000e9080000,0x00000000e9080000,0x00000000ed680000)
 ParOldGen       total 1116160K, used 1116125K [0x0000000081c00000, 0x00000000c5e00000, 0x00000000d5f00000)
  object space 1116160K, 99% used [0x0000000081c00000,0x00000000c5df77e8,0x00000000c5e00000)
 Metaspace       used 3338K, capacity 4494K, committed 4864K, reserved 1056768K
  class space    used 381K, capacity 386K, committed 512K, reserved 1048576K
Event: 5.579 GC heap after
Heap after GC invocations=51 (full 39):
 PSYoungGen      total 312832K, used 297892K [0x00000000d5f00000, 0x00000000f1080000, 0x0000000100000000)
  eden space 228864K, 99% used [0x00000000d5f00000,0x00000000e3e7a600,0x00000000e3e80000)
  from space 83968K, 82% used [0x00000000e3e80000,0x00000000e81eec30,0x00000000e9080000)
  to   space 71680K, 0% used [0x00000000e9080000,0x00000000e9080000,0x00000000ed680000)
 ParOldGen       total 1116160K, used 1116125K [0x0000000081c00000, 0x00000000c5e00000, 0x00000000d5f00000)
  object space 1116160K, 99% used [0x0000000081c00000,0x00000000c5df77e8,0x00000000c5e00000)
 Metaspace       used 3338K, capacity 4494K, committed 4864K, reserved 1056768K
  class space    used 381K, capacity 386K, committed 512K, reserved 1048576K
}
Event: 5.580 GC heap before
{Heap before GC invocations=52 (full 40):
 PSYoungGen      total 312832K, used 297892K [0x00000000d5f00000, 0x00000000f1080000, 0x0000000100000000)
  eden space 228864K, 99% used [0x00000000d5f00000,0x00000000e3e7a600,0x00000000e3e80000)
  from space 83968K, 82% used [0x00000000e3e80000,0x00000000e81eec30,0x00000000e9080000)
  to   space 71680K, 0% used [0x00000000e9080000,0x00000000e9080000,0x00000000ed680000)
 ParOldGen       total 1117184K, used 1117181K [0x0000000081c00000, 0x00000000c5f00000, 0x00000000d5f00000)
  object space 1117184K, 99% used [0x0000000081c00000,0x00000000c5eff458,0x00000000c5f00000)
 Metaspace       used 3338K, capacity 4494K, committed 4864K, reserved 1056768K
  class space    used 381K, capacity 386K, committed 512K, reserved 1048576K
Event: 5.599 GC heap after
Heap after GC invocations=52 (full 40):
 PSYoungGen      total 312832K, used 297892K [0x00000000d5f00000, 0x00000000f1080000, 0x0000000100000000)
  eden space 228864K, 99% used [0x00000000d5f00000,0x00000000e3e7a600,0x00000000e3e80000)
  from space 83968K, 82% used [0x00000000e3e80000,0x00000000e81eec30,0x00000000e9080000)
  to   space 71680K, 0% used [0x00000000e9080000,0x00000000e9080000,0x00000000ed680000)
 ParOldGen       total 1117184K, used 1117181K [0x0000000081c00000, 0x00000000c5f00000, 0x00000000d5f00000)
  object space 1117184K, 99% used [0x0000000081c00000,0x00000000c5eff458,0x00000000c5f00000)
 Metaspace       used 3338K, capacity 4494K, committed 4864K, reserved 1056768K
  class space    used 381K, capacity 386K, committed 512K, reserved 1048576K
}
Event: 5.600 GC heap before
{Heap before GC invocations=53 (full 41):
 PSYoungGen      total 312832K, used 297892K [0x00000000d5f00000, 0x00000000f1080000, 0x0000000100000000)
  eden space 228864K, 99% used [0x00000000d5f00000,0x00000000e3e7a600,0x00000000e3e80000)
  from space 83968K, 82% used [0x00000000e3e80000,0x00000000e81eec30,0x00000000e9080000)
  to   space 71680K, 0% used [0x00000000e9080000,0x00000000e9080000,0x00000000ed680000)
 ParOldGen       total 1118208K, used 1118158K [0x0000000081c00000, 0x00000000c6000000, 0x00000000d5f00000)
  object space 1118208K, 99% used [0x0000000081c00000,0x00000000c5ff3828,0x00000000c6000000)
 Metaspace       used 3338K, capacity 4494K, committed 4864K, reserved 1056768K
  class space    used 381K, capacity 386K, committed 512K, reserved 1048576K
Event: 5.634 GC heap after
Heap after GC invocations=53 (full 41):
 PSYoungGen      total 312832K, used 297892K [0x00000000d5f00000, 0x00000000f1080000, 0x0000000100000000)
  eden space 228864K, 99% used [0x00000000d5f00000,0x00000000e3e7a600,0x00000000e3e80000)
  from space 83968K, 82% used [0x00000000e3e80000,0x00000000e81eec30,0x00000000e9080000)
  to   space 71680K, 0% used [0x00000000e9080000,0x00000000e9080000,0x00000000ed680000)
 ParOldGen       total 1118208K, used 1118158K [0x0000000081c00000, 0x00000000c6000000, 0x00000000d5f00000)
  object space 1118208K, 99% used [0x0000000081c00000,0x00000000c5ff3828,0x00000000c6000000)
 Metaspace       used 3338K, capacity 4494K, committed 4864K, reserved 1056768K
  class space    used 381K, capacity 386K, committed 512K, reserved 1048576K
}
Event: 5.634 GC heap before
{Heap before GC invocations=54 (full 42):
 PSYoungGen      total 312832K, used 297892K [0x00000000d5f00000, 0x00000000f1080000, 0x0000000100000000)
  eden space 228864K, 99% used [0x00000000d5f00000,0x00000000e3e7a600,0x00000000e3e80000)
  from space 83968K, 82% used [0x00000000e3e80000,0x00000000e81eec30,0x00000000e9080000)
  to   space 71680K, 0% used [0x00000000e9080000,0x00000000e9080000,0x00000000ed680000)
 ParOldGen       total 1118208K, used 1118197K [0x0000000081c00000, 0x00000000c6000000, 0x00000000d5f00000)
  object space 1118208K, 99% used [0x0000000081c00000,0x00000000c5ffd478,0x00000000c6000000)
 Metaspace       used 3338K, capacity 4494K, committed 4864K, reserved 1056768K
  class space    used 381K, capacity 386K, committed 512K, reserved 1048576K
Event: 5.654 GC heap after
Heap after GC invocations=54 (full 42):
 PSYoungGen      total 312832K, used 297892K [0x00000000d5f00000, 0x00000000f1080000, 0x0000000100000000)
  eden space 228864K, 99% used [0x00000000d5f00000,0x00000000e3e7a600,0x00000000e3e80000)
  from space 83968K, 82% used [0x00000000e3e80000,0x00000000e81eec30,0x00000000e9080000)
  to   space 71680K, 0% used [0x00000000e9080000,0x00000000e9080000,0x00000000ed680000)
 ParOldGen       total 1118208K, used 1118197K [0x0000000081c00000, 0x00000000c6000000, 0x00000000d5f00000)
  object space 1118208K, 99% used [0x0000000081c00000,0x00000000c5ffd478,0x00000000c6000000)
 Metaspace       used 3338K, capacity 4494K, committed 4864K, reserved 1056768K
  class space    used 381K, capacity 386K, committed 512K, reserved 1048576K
}

